<?xml version="1.0" encoding="UTF-8"?>
<testng-results skipped="0" failed="0" ignored="0" total="0" passed="0">
  <reporter-output>
  </reporter-output>
  <suite name="eswar.vamsi.AppTest" duration-ms="10" started-at="2018-11-13T07:24:42Z" finished-at="2018-11-13T07:24:42Z">
    <groups>
    </groups>
    <test name="Command line test" duration-ms="10" started-at="2018-11-13T07:24:42Z" finished-at="2018-11-13T07:24:42Z">
    </test> <!-- Command line test -->
  </suite> <!-- eswar.vamsi.AppTest -->
</testng-results>
