<?xml version="1.0" encoding="UTF-8"?>
<testng-results skipped="0" failed="0" ignored="0" total="1" passed="1">
  <reporter-output>
  </reporter-output>
  <suite name="Default suite" duration-ms="89" started-at="2018-11-13T06:52:56Z" finished-at="2018-11-13T06:52:56Z">
    <groups>
    </groups>
    <test name="Default test" duration-ms="89" started-at="2018-11-13T06:52:56Z" finished-at="2018-11-13T06:52:56Z">
      <class name="eswaracharyulu.Buvanagiri">
        <test-method status="PASS" signature="name()[pri:0, instance:eswaracharyulu.Buvanagiri@56f4468b]" name="name" duration-ms="28" started-at="2018-11-13T12:22:56Z" finished-at="2018-11-13T12:22:56Z">
          <reporter-output>
          </reporter-output>
        </test-method> <!-- name -->
      </class> <!-- eswaracharyulu.Buvanagiri -->
    </test> <!-- Default test -->
  </suite> <!-- Default suite -->
</testng-results>
